
=== Taxonomy Assignment Summary ===
Matches:
  s__Penicillium_excelsum sh__SH1306857.10FU: 2
  s__Penicillium_spinulosum sh__SH1306467.10FU: 2
  s__Hanseniaspora_valbyensis sh__SH1356086.10FU: 1
  s__Penicillium_philippinense sh__SH1508609.10FU: 1
  s__Massaria_inquinans sh__SH1635646.10FU: 1
  s__Umbelopsis_vinacea sh__SH1461813.10FU: 1

Unmatched:
  uncategorized: 199
  uncategorized ~71%: 10
  uncategorized ~76%: 1
  uncategorized ~70%: 13
  uncategorized ~73%: 2
  uncategorized ~74%: 1
  uncategorized ~78%: 1
  uncategorized ~82%: 1
  uncategorized ~75%: 1
  uncategorized ~72%: 2
  uncategorized ~92%: 1