2025-05-24 17:47:46,535 - INFO - Starting Porechop + NanoFilt batch processing
2025-05-24 17:47:46,541 - INFO - Processing folder: barcode05
2025-05-24 17:47:46,547 - INFO - Running Porechop on FBA73546_pass_barcode05_af591219_c9d44752_0.fastq
2025-05-24 17:56:44,737 - INFO - Starting NanoFilt batch processing
2025-05-24 17:56:44,737 - INFO - Processing folder: barcode05
2025-05-24 17:56:44,737 - INFO - Filtering FBA73546_pass_barcode05_af591219_c9d44752_0.fastq with NanoFilt
2025-05-24 17:56:44,737 - ERROR - NanoFilt executable not found: [WinError 2] The system cannot find the file specified
2025-05-24 17:56:44,737 - INFO - Filtering FBA73546_pass_barcode05_af591219_c9d44752_1.fastq with NanoFilt
2025-05-24 17:56:44,737 - ERROR - NanoFilt executable not found: [WinError 2] The system cannot find the file specified
2025-05-24 17:56:44,737 - INFO - Filtering FBA73546_pass_barcode05_af591219_c9d44752_10.fastq with NanoFilt
2025-05-24 17:56:44,737 - ERROR - NanoFilt executable not found: [WinError 2] The system cannot find the file specified
2025-05-24 17:56:44,737 - INFO - Filtering FBA73546_pass_barcode05_af591219_c9d44752_11.fastq with NanoFilt
2025-05-24 17:56:44,737 - ERROR - NanoFilt executable not found: [WinError 2] The system cannot find the file specified
2025-05-24 17:56:44,737 - INFO - Filtering FBA73546_pass_barcode05_af591219_c9d44752_12.fastq with NanoFilt
2025-05-24 17:56:44,737 - ERROR - NanoFilt executable not found: [WinError 2] The system cannot find the file specified
2025-05-24 17:56:44,737 - INFO - Filtering FBA73546_pass_barcode05_af591219_c9d44752_13.fastq with NanoFilt
2025-05-24 17:56:44,753 - ERROR - NanoFilt executable not found: [WinError 2] The system cannot find the file specified
2025-05-24 17:56:44,753 - INFO - Filtering FBA73546_pass_barcode05_af591219_c9d44752_14.fastq with NanoFilt
2025-05-24 17:56:44,755 - ERROR - NanoFilt executable not found: [WinError 2] The system cannot find the file specified
2025-05-24 17:56:44,755 - INFO - Filtering FBA73546_pass_barcode05_af591219_c9d44752_15.fastq with NanoFilt
2025-05-24 17:56:44,755 - ERROR - NanoFilt executable not found: [WinError 2] The system cannot find the file specified
2025-05-24 17:56:44,755 - INFO - Filtering FBA73546_pass_barcode05_af591219_c9d44752_16.fastq with NanoFilt
2025-05-24 17:56:44,755 - ERROR - NanoFilt executable not found: [WinError 2] The system cannot find the file specified
2025-05-24 17:56:44,755 - INFO - Filtering FBA73546_pass_barcode05_af591219_c9d44752_17.fastq with NanoFilt
2025-05-24 17:56:44,764 - ERROR - NanoFilt executable not found: [WinError 2] The system cannot find the file specified
2025-05-24 17:56:44,764 - INFO - Filtering FBA73546_pass_barcode05_af591219_c9d44752_18.fastq with NanoFilt
2025-05-24 17:56:44,764 - ERROR - NanoFilt executable not found: [WinError 2] The system cannot find the file specified
2025-05-24 17:56:44,764 - INFO - Filtering FBA73546_pass_barcode05_af591219_c9d44752_19_.fastq with NanoFilt
2025-05-24 17:56:44,764 - ERROR - NanoFilt executable not found: [WinError 2] The system cannot find the file specified
2025-05-24 17:56:44,764 - INFO - Filtering FBA73546_pass_barcode05_af591219_c9d44752_2.fastq with NanoFilt
2025-05-24 17:56:44,769 - ERROR - NanoFilt executable not found: [WinError 2] The system cannot find the file specified
2025-05-24 17:56:44,769 - INFO - Filtering FBA73546_pass_barcode05_af591219_c9d44752_20_.fastq with NanoFilt
2025-05-24 17:56:44,769 - ERROR - NanoFilt executable not found: [WinError 2] The system cannot find the file specified
2025-05-24 17:56:44,769 - INFO - Filtering FBA73546_pass_barcode05_af591219_c9d44752_3.fastq with NanoFilt
2025-05-24 17:56:44,769 - ERROR - NanoFilt executable not found: [WinError 2] The system cannot find the file specified
2025-05-24 17:56:44,769 - INFO - Filtering FBA73546_pass_barcode05_af591219_c9d44752_4.fastq with NanoFilt
2025-05-24 17:56:44,769 - ERROR - NanoFilt executable not found: [WinError 2] The system cannot find the file specified
2025-05-24 17:56:44,769 - INFO - Filtering FBA73546_pass_barcode05_af591219_c9d44752_5.fastq with NanoFilt
2025-05-24 17:56:44,769 - ERROR - NanoFilt executable not found: [WinError 2] The system cannot find the file specified
2025-05-24 17:56:44,769 - INFO - Filtering FBA73546_pass_barcode05_af591219_c9d44752_6.fastq with NanoFilt
2025-05-24 17:56:44,769 - ERROR - NanoFilt executable not found: [WinError 2] The system cannot find the file specified
2025-05-24 17:56:44,769 - INFO - Filtering FBA73546_pass_barcode05_af591219_c9d44752_7.fastq with NanoFilt
2025-05-24 17:56:44,769 - ERROR - NanoFilt executable not found: [WinError 2] The system cannot find the file specified
2025-05-24 17:56:44,769 - INFO - Filtering FBA73546_pass_barcode05_af591219_c9d44752_8.fastq with NanoFilt
2025-05-24 17:56:44,785 - ERROR - NanoFilt executable not found: [WinError 2] The system cannot find the file specified
2025-05-24 17:56:44,785 - INFO - Filtering FBA73546_pass_barcode05_af591219_c9d44752_9.fastq with NanoFilt
2025-05-24 17:56:44,785 - ERROR - NanoFilt executable not found: [WinError 2] The system cannot find the file specified
2025-05-24 17:56:44,785 - INFO - Processing folder: barcode07
2025-05-24 17:56:44,785 - INFO - Filtering FBA73546_pass_barcode07_af591219_c9d44752_0.fastq with NanoFilt
2025-05-24 17:56:44,790 - ERROR - NanoFilt executable not found: [WinError 2] The system cannot find the file specified
2025-05-24 17:56:44,790 - INFO - Filtering FBA73546_pass_barcode07_af591219_c9d44752_1.fastq with NanoFilt
2025-05-24 17:56:44,793 - ERROR - NanoFilt executable not found: [WinError 2] The system cannot find the file specified
2025-05-24 17:56:44,793 - INFO - Processing folder: barcode08
2025-05-24 17:56:44,793 - INFO - Filtering FBA73546_pass_barcode08_af591219_c9d44752_0.fastq with NanoFilt
2025-05-24 17:56:44,795 - ERROR - NanoFilt executable not found: [WinError 2] The system cannot find the file specified
2025-05-24 17:56:44,795 - INFO - Filtering FBA73546_pass_barcode08_af591219_c9d44752_1.fastq with NanoFilt
2025-05-24 17:56:44,797 - ERROR - NanoFilt executable not found: [WinError 2] The system cannot find the file specified
2025-05-24 17:56:44,797 - INFO - Filtering FBA73546_pass_barcode08_af591219_c9d44752_10.fastq with NanoFilt
2025-05-24 17:56:44,799 - ERROR - NanoFilt executable not found: [WinError 2] The system cannot find the file specified
2025-05-24 17:56:44,799 - INFO - Filtering FBA73546_pass_barcode08_af591219_c9d44752_11.fastq with NanoFilt
2025-05-24 17:56:44,801 - ERROR - NanoFilt executable not found: [WinError 2] The system cannot find the file specified
2025-05-24 17:56:44,801 - INFO - Filtering FBA73546_pass_barcode08_af591219_c9d44752_12.fastq with NanoFilt
2025-05-24 17:56:44,801 - ERROR - NanoFilt executable not found: [WinError 2] The system cannot find the file specified
2025-05-24 17:56:44,801 - INFO - Filtering FBA73546_pass_barcode08_af591219_c9d44752_2.fastq with NanoFilt
2025-05-24 17:56:44,801 - ERROR - NanoFilt executable not found: [WinError 2] The system cannot find the file specified
2025-05-24 17:56:44,801 - INFO - Filtering FBA73546_pass_barcode08_af591219_c9d44752_3.fastq with NanoFilt
2025-05-24 17:56:44,801 - ERROR - NanoFilt executable not found: [WinError 2] The system cannot find the file specified
2025-05-24 17:56:44,801 - INFO - Filtering FBA73546_pass_barcode08_af591219_c9d44752_4.fastq with NanoFilt
2025-05-24 17:56:44,801 - ERROR - NanoFilt executable not found: [WinError 2] The system cannot find the file specified
2025-05-24 17:56:44,811 - INFO - Filtering FBA73546_pass_barcode08_af591219_c9d44752_5.fastq with NanoFilt
2025-05-24 17:56:44,813 - ERROR - NanoFilt executable not found: [WinError 2] The system cannot find the file specified
2025-05-24 17:56:44,813 - INFO - Filtering FBA73546_pass_barcode08_af591219_c9d44752_6.fastq with NanoFilt
2025-05-24 17:56:44,815 - ERROR - NanoFilt executable not found: [WinError 2] The system cannot find the file specified
2025-05-24 17:56:44,815 - INFO - Filtering FBA73546_pass_barcode08_af591219_c9d44752_7.fastq with NanoFilt
2025-05-24 17:56:44,817 - ERROR - NanoFilt executable not found: [WinError 2] The system cannot find the file specified
2025-05-24 17:56:44,817 - INFO - Filtering FBA73546_pass_barcode08_af591219_c9d44752_8.fastq with NanoFilt
2025-05-24 17:56:44,817 - ERROR - NanoFilt executable not found: [WinError 2] The system cannot find the file specified
2025-05-24 17:56:44,817 - INFO - Filtering FBA73546_pass_barcode08_af591219_c9d44752_9.fastq with NanoFilt
2025-05-24 17:56:44,817 - ERROR - NanoFilt executable not found: [WinError 2] The system cannot find the file specified
2025-05-24 17:56:44,817 - INFO - Processing folder: barcode10
2025-05-24 17:56:44,817 - INFO - Filtering FBA73546_pass_barcode10_af591219_c9d44752_0.fastq with NanoFilt
2025-05-24 17:56:44,817 - ERROR - NanoFilt executable not found: [WinError 2] The system cannot find the file specified
2025-05-24 17:56:44,817 - INFO - Filtering FBA73546_pass_barcode10_af591219_c9d44752_1.fastq with NanoFilt
2025-05-24 17:56:44,817 - ERROR - NanoFilt executable not found: [WinError 2] The system cannot find the file specified
2025-05-24 17:56:44,817 - INFO - Processing folder: barcode11
2025-05-24 17:56:44,817 - INFO - Filtering FBA73546_pass_barcode11_af591219_c9d44752_0.fastq with NanoFilt
2025-05-24 17:56:44,817 - ERROR - NanoFilt executable not found: [WinError 2] The system cannot find the file specified
2025-05-24 17:56:44,817 - INFO - Filtering FBA73546_pass_barcode11_af591219_c9d44752_1.fastq with NanoFilt
2025-05-24 17:56:44,833 - ERROR - NanoFilt executable not found: [WinError 2] The system cannot find the file specified
2025-05-24 17:56:44,833 - INFO - Filtering FBA73546_pass_barcode11_af591219_c9d44752_2.fastq with NanoFilt
2025-05-24 17:56:44,833 - ERROR - NanoFilt executable not found: [WinError 2] The system cannot find the file specified
2025-05-24 17:56:44,833 - INFO - Processing folder: barcode13
2025-05-24 17:56:44,833 - INFO - Filtering FBA73546_pass_barcode13_af591219_c9d44752_0.fastq with NanoFilt
2025-05-24 17:56:44,833 - ERROR - NanoFilt executable not found: [WinError 2] The system cannot find the file specified
2025-05-24 17:56:44,833 - INFO - Filtering FBA73546_pass_barcode13_af591219_c9d44752_1.fastq with NanoFilt
2025-05-24 17:56:44,840 - ERROR - NanoFilt executable not found: [WinError 2] The system cannot find the file specified
2025-05-24 17:56:44,840 - INFO - Filtering FBA73546_pass_barcode13_af591219_c9d44752_2.fastq with NanoFilt
2025-05-24 17:56:44,842 - ERROR - NanoFilt executable not found: [WinError 2] The system cannot find the file specified
2025-05-24 17:56:44,842 - INFO - Processing folder: barcode14
2025-05-24 17:56:44,842 - INFO - Filtering FBA73546_pass_barcode14_af591219_c9d44752_0.fastq with NanoFilt
2025-05-24 17:56:44,842 - ERROR - NanoFilt executable not found: [WinError 2] The system cannot find the file specified
2025-05-24 17:56:44,842 - INFO - Filtering FBA73546_pass_barcode14_af591219_c9d44752_1.fastq with NanoFilt
2025-05-24 17:56:44,847 - ERROR - NanoFilt executable not found: [WinError 2] The system cannot find the file specified
2025-05-24 17:56:44,847 - INFO - Processing folder: barcode15
2025-05-24 17:56:44,847 - INFO - Filtering FBA73546_pass_barcode15_af591219_c9d44752_0.fastq with NanoFilt
2025-05-24 17:56:44,848 - ERROR - NanoFilt executable not found: [WinError 2] The system cannot find the file specified
2025-05-24 17:56:44,848 - INFO - Filtering FBA73546_pass_barcode15_af591219_c9d44752_1.fastq with NanoFilt
2025-05-24 17:56:44,848 - ERROR - NanoFilt executable not found: [WinError 2] The system cannot find the file specified
2025-05-24 17:56:44,848 - INFO - Processing folder: barcode16
2025-05-24 17:56:44,848 - INFO - Filtering FBA73546_pass_barcode16_af591219_c9d44752_0.fastq with NanoFilt
2025-05-24 17:56:44,848 - ERROR - NanoFilt executable not found: [WinError 2] The system cannot find the file specified
2025-05-24 17:56:44,848 - INFO - Filtering FBA73546_pass_barcode16_af591219_c9d44752_1.fastq with NanoFilt
2025-05-24 17:56:44,848 - ERROR - NanoFilt executable not found: [WinError 2] The system cannot find the file specified
2025-05-24 17:56:44,848 - INFO - Processing folder: barcode17
2025-05-24 17:56:44,848 - INFO - Filtering FBA73546_pass_barcode17_af591219_c9d44752_0.fastq with NanoFilt
2025-05-24 17:56:44,859 - ERROR - NanoFilt executable not found: [WinError 2] The system cannot find the file specified
2025-05-24 17:56:44,859 - INFO - Filtering FBA73546_pass_barcode17_af591219_c9d44752_1.fastq with NanoFilt
2025-05-24 17:56:44,859 - ERROR - NanoFilt executable not found: [WinError 2] The system cannot find the file specified
2025-05-24 17:56:44,859 - INFO - Filtering FBA73546_pass_barcode17_af591219_c9d44752_10.fastq with NanoFilt
2025-05-24 17:56:44,859 - ERROR - NanoFilt executable not found: [WinError 2] The system cannot find the file specified
2025-05-24 17:56:44,859 - INFO - Filtering FBA73546_pass_barcode17_af591219_c9d44752_11.fastq with NanoFilt
2025-05-24 17:56:44,864 - ERROR - NanoFilt executable not found: [WinError 2] The system cannot find the file specified
2025-05-24 17:56:44,864 - INFO - Filtering FBA73546_pass_barcode17_af591219_c9d44752_12.fastq with NanoFilt
2025-05-24 17:56:44,864 - ERROR - NanoFilt executable not found: [WinError 2] The system cannot find the file specified
2025-05-24 17:56:44,864 - INFO - Filtering FBA73546_pass_barcode17_af591219_c9d44752_13.fastq with NanoFilt
2025-05-24 17:56:44,864 - ERROR - NanoFilt executable not found: [WinError 2] The system cannot find the file specified
2025-05-24 17:56:44,864 - INFO - Filtering FBA73546_pass_barcode17_af591219_c9d44752_14.fastq with NanoFilt
2025-05-24 17:56:44,864 - ERROR - NanoFilt executable not found: [WinError 2] The system cannot find the file specified
2025-05-24 17:56:44,864 - INFO - Filtering FBA73546_pass_barcode17_af591219_c9d44752_15.fastq with NanoFilt
2025-05-24 17:56:44,864 - ERROR - NanoFilt executable not found: [WinError 2] The system cannot find the file specified
2025-05-24 17:56:44,864 - INFO - Filtering FBA73546_pass_barcode17_af591219_c9d44752_2.fastq with NanoFilt
2025-05-24 17:56:44,864 - ERROR - NanoFilt executable not found: [WinError 2] The system cannot find the file specified
2025-05-24 17:56:44,864 - INFO - Filtering FBA73546_pass_barcode17_af591219_c9d44752_3.fastq with NanoFilt
2025-05-24 17:56:44,864 - ERROR - NanoFilt executable not found: [WinError 2] The system cannot find the file specified
2025-05-24 17:56:44,864 - INFO - Filtering FBA73546_pass_barcode17_af591219_c9d44752_4.fastq with NanoFilt
2025-05-24 17:56:44,880 - ERROR - NanoFilt executable not found: [WinError 2] The system cannot find the file specified
2025-05-24 17:56:44,880 - INFO - Filtering FBA73546_pass_barcode17_af591219_c9d44752_5.fastq with NanoFilt
2025-05-24 17:56:44,880 - ERROR - NanoFilt executable not found: [WinError 2] The system cannot find the file specified
2025-05-24 17:56:44,880 - INFO - Filtering FBA73546_pass_barcode17_af591219_c9d44752_6.fastq with NanoFilt
2025-05-24 17:56:44,880 - ERROR - NanoFilt executable not found: [WinError 2] The system cannot find the file specified
2025-05-24 17:56:44,880 - INFO - Filtering FBA73546_pass_barcode17_af591219_c9d44752_7.fastq with NanoFilt
2025-05-24 17:56:44,880 - ERROR - NanoFilt executable not found: [WinError 2] The system cannot find the file specified
2025-05-24 17:56:44,880 - INFO - Filtering FBA73546_pass_barcode17_af591219_c9d44752_8.fastq with NanoFilt
2025-05-24 17:56:44,888 - ERROR - NanoFilt executable not found: [WinError 2] The system cannot find the file specified
2025-05-24 17:56:44,888 - INFO - Filtering FBA73546_pass_barcode17_af591219_c9d44752_9.fastq with NanoFilt
2025-05-24 17:56:44,888 - ERROR - NanoFilt executable not found: [WinError 2] The system cannot find the file specified
2025-05-24 17:56:44,888 - INFO - Processing folder: barcode19
2025-05-24 17:56:44,888 - INFO - Filtering FBA73546_pass_barcode19_af591219_c9d44752_0.fastq with NanoFilt
2025-05-24 17:56:44,888 - ERROR - NanoFilt executable not found: [WinError 2] The system cannot find the file specified
2025-05-24 17:56:44,888 - INFO - Filtering FBA73546_pass_barcode19_af591219_c9d44752_1.fastq with NanoFilt
2025-05-24 17:56:44,895 - ERROR - NanoFilt executable not found: [WinError 2] The system cannot find the file specified
2025-05-24 17:56:44,895 - INFO - Filtering FBA73546_pass_barcode19_af591219_c9d44752_2.fastq with NanoFilt
2025-05-24 17:56:44,898 - ERROR - NanoFilt executable not found: [WinError 2] The system cannot find the file specified
2025-05-24 17:56:44,898 - INFO - Processing folder: barcode21
2025-05-24 17:56:44,898 - INFO - Filtering FBA73546_pass_barcode21_af591219_c9d44752_0.fastq with NanoFilt
2025-05-24 17:56:44,900 - ERROR - NanoFilt executable not found: [WinError 2] The system cannot find the file specified
2025-05-24 17:56:44,900 - INFO - Filtering FBA73546_pass_barcode21_af591219_c9d44752_1.fastq with NanoFilt
2025-05-24 17:56:44,902 - ERROR - NanoFilt executable not found: [WinError 2] The system cannot find the file specified
2025-05-24 17:56:44,902 - INFO - Filtering FBA73546_pass_barcode21_af591219_c9d44752_2.fastq with NanoFilt
2025-05-24 17:56:44,904 - ERROR - NanoFilt executable not found: [WinError 2] The system cannot find the file specified
2025-05-24 17:56:44,904 - INFO - Processing folder: barcode22
2025-05-24 17:56:44,904 - INFO - Filtering FBA73546_pass_barcode22_af591219_c9d44752_0.fastq with NanoFilt
2025-05-24 17:56:44,906 - ERROR - NanoFilt executable not found: [WinError 2] The system cannot find the file specified
2025-05-24 17:56:44,906 - INFO - Filtering FBA73546_pass_barcode22_af591219_c9d44752_1.fastq with NanoFilt
2025-05-24 17:56:44,906 - ERROR - NanoFilt executable not found: [WinError 2] The system cannot find the file specified
2025-05-24 17:56:44,906 - INFO - Processing folder: barcode23
2025-05-24 17:56:44,906 - INFO - Filtering FBA73546_pass_barcode23_af591219_c9d44752_0.fastq with NanoFilt
2025-05-24 17:56:44,911 - ERROR - NanoFilt executable not found: [WinError 2] The system cannot find the file specified
2025-05-24 17:56:44,911 - INFO - Processing folder: barcode24
2025-05-24 17:56:44,911 - INFO - Filtering FBA73546_pass_barcode24_af591219_c9d44752_0.fastq with NanoFilt
2025-05-24 17:56:44,911 - ERROR - NanoFilt executable not found: [WinError 2] The system cannot find the file specified
2025-05-24 17:56:44,911 - INFO - Filtering FBA73546_pass_barcode24_af591219_c9d44752_1.fastq with NanoFilt
2025-05-24 17:56:44,911 - ERROR - NanoFilt executable not found: [WinError 2] The system cannot find the file specified
2025-05-24 17:56:44,911 - INFO - Filtering FBA73546_pass_barcode24_af591219_c9d44752_2.fastq with NanoFilt
2025-05-24 17:56:44,911 - ERROR - NanoFilt executable not found: [WinError 2] The system cannot find the file specified
2025-05-24 17:56:44,911 - INFO - Processing folder: barcode25
2025-05-24 17:56:44,911 - INFO - Filtering FBA73546_pass_barcode25_af591219_c9d44752_0.fastq with NanoFilt
2025-05-24 17:56:44,911 - ERROR - NanoFilt executable not found: [WinError 2] The system cannot find the file specified
2025-05-24 17:56:44,911 - INFO - Filtering FBA73546_pass_barcode25_af591219_c9d44752_1.fastq with NanoFilt
2025-05-24 17:56:44,911 - ERROR - NanoFilt executable not found: [WinError 2] The system cannot find the file specified
2025-05-24 17:56:44,911 - INFO - Processing folder: barcode27
2025-05-24 17:56:44,911 - INFO - Filtering FBA73546_pass_barcode27_af591219_c9d44752_0.fastq with NanoFilt
2025-05-24 17:56:44,911 - ERROR - NanoFilt executable not found: [WinError 2] The system cannot find the file specified
2025-05-24 17:56:44,911 - INFO - Processing folder: barcode31
2025-05-24 17:56:44,911 - INFO - Filtering FBA73546_pass_barcode31_af591219_c9d44752_0.fastq with NanoFilt
2025-05-24 17:56:44,911 - ERROR - NanoFilt executable not found: [WinError 2] The system cannot find the file specified
2025-05-24 17:56:44,927 - INFO - Filtering FBA73546_pass_barcode31_af591219_c9d44752_1.fastq with NanoFilt
2025-05-24 17:56:44,927 - ERROR - NanoFilt executable not found: [WinError 2] The system cannot find the file specified
2025-05-24 17:56:44,927 - INFO - Filtering FBA73546_pass_barcode31_af591219_c9d44752_2.fastq with NanoFilt
2025-05-24 17:56:44,927 - ERROR - NanoFilt executable not found: [WinError 2] The system cannot find the file specified
2025-05-24 17:56:44,927 - INFO - Filtering FBA73546_pass_barcode31_af591219_c9d44752_3.fastq with NanoFilt
2025-05-24 17:56:44,927 - ERROR - NanoFilt executable not found: [WinError 2] The system cannot find the file specified
2025-05-24 17:56:44,927 - INFO - Filtering FBA73546_pass_barcode31_af591219_c9d44752_4.fastq with NanoFilt
2025-05-24 17:56:44,927 - ERROR - NanoFilt executable not found: [WinError 2] The system cannot find the file specified
2025-05-24 17:56:44,927 - INFO - Processing folder: barcode32
2025-05-24 17:56:44,927 - INFO - Filtering FBA73546_pass_barcode32_af591219_c9d44752_0.fastq with NanoFilt
2025-05-24 17:56:44,927 - ERROR - NanoFilt executable not found: [WinError 2] The system cannot find the file specified
2025-05-24 17:56:44,927 - INFO - Filtering FBA73546_pass_barcode32_af591219_c9d44752_1.fastq with NanoFilt
2025-05-24 17:56:44,927 - ERROR - NanoFilt executable not found: [WinError 2] The system cannot find the file specified
2025-05-24 17:56:44,943 - INFO - Filtering FBA73546_pass_barcode32_af591219_c9d44752_10.fastq with NanoFilt
2025-05-24 17:56:44,943 - ERROR - NanoFilt executable not found: [WinError 2] The system cannot find the file specified
2025-05-24 17:56:44,943 - INFO - Filtering FBA73546_pass_barcode32_af591219_c9d44752_11.fastq with NanoFilt
2025-05-24 17:56:44,943 - ERROR - NanoFilt executable not found: [WinError 2] The system cannot find the file specified
2025-05-24 17:56:44,943 - INFO - Filtering FBA73546_pass_barcode32_af591219_c9d44752_12.fastq with NanoFilt
2025-05-24 17:56:44,943 - ERROR - NanoFilt executable not found: [WinError 2] The system cannot find the file specified
2025-05-24 17:56:44,943 - INFO - Filtering FBA73546_pass_barcode32_af591219_c9d44752_13.fastq with NanoFilt
2025-05-24 17:56:44,943 - ERROR - NanoFilt executable not found: [WinError 2] The system cannot find the file specified
2025-05-24 17:56:44,943 - INFO - Filtering FBA73546_pass_barcode32_af591219_c9d44752_14.fastq with NanoFilt
2025-05-24 17:56:44,943 - ERROR - NanoFilt executable not found: [WinError 2] The system cannot find the file specified
2025-05-24 17:56:44,943 - INFO - Filtering FBA73546_pass_barcode32_af591219_c9d44752_15.fastq with NanoFilt
2025-05-24 17:56:44,954 - ERROR - NanoFilt executable not found: [WinError 2] The system cannot find the file specified
2025-05-24 17:56:44,954 - INFO - Filtering FBA73546_pass_barcode32_af591219_c9d44752_16.fastq with NanoFilt
2025-05-24 17:56:44,954 - ERROR - NanoFilt executable not found: [WinError 2] The system cannot find the file specified
2025-05-24 17:56:44,954 - INFO - Filtering FBA73546_pass_barcode32_af591219_c9d44752_17.fastq with NanoFilt
2025-05-24 17:56:44,959 - ERROR - NanoFilt executable not found: [WinError 2] The system cannot find the file specified
2025-05-24 17:56:44,959 - INFO - Filtering FBA73546_pass_barcode32_af591219_c9d44752_18.fastq with NanoFilt
2025-05-24 17:56:44,959 - ERROR - NanoFilt executable not found: [WinError 2] The system cannot find the file specified
2025-05-24 17:56:44,959 - INFO - Filtering FBA73546_pass_barcode32_af591219_c9d44752_19.fastq with NanoFilt
2025-05-24 17:56:44,959 - ERROR - NanoFilt executable not found: [WinError 2] The system cannot find the file specified
2025-05-24 17:56:44,959 - INFO - Filtering FBA73546_pass_barcode32_af591219_c9d44752_2.fastq with NanoFilt
2025-05-24 17:56:44,959 - ERROR - NanoFilt executable not found: [WinError 2] The system cannot find the file specified
2025-05-24 17:56:44,959 - INFO - Filtering FBA73546_pass_barcode32_af591219_c9d44752_20.fastq with NanoFilt
2025-05-24 17:56:44,959 - ERROR - NanoFilt executable not found: [WinError 2] The system cannot find the file specified
2025-05-24 17:56:44,959 - INFO - Filtering FBA73546_pass_barcode32_af591219_c9d44752_21.fastq with NanoFilt
2025-05-24 17:56:44,959 - ERROR - NanoFilt executable not found: [WinError 2] The system cannot find the file specified
2025-05-24 17:56:44,959 - INFO - Filtering FBA73546_pass_barcode32_af591219_c9d44752_22.fastq with NanoFilt
2025-05-24 17:56:44,959 - ERROR - NanoFilt executable not found: [WinError 2] The system cannot find the file specified
2025-05-24 17:56:44,959 - INFO - Filtering FBA73546_pass_barcode32_af591219_c9d44752_23.fastq with NanoFilt
2025-05-24 17:56:44,975 - ERROR - NanoFilt executable not found: [WinError 2] The system cannot find the file specified
2025-05-24 17:56:44,975 - INFO - Filtering FBA73546_pass_barcode32_af591219_c9d44752_24.fastq with NanoFilt
2025-05-24 17:56:44,975 - ERROR - NanoFilt executable not found: [WinError 2] The system cannot find the file specified
2025-05-24 17:56:44,975 - INFO - Filtering FBA73546_pass_barcode32_af591219_c9d44752_25.fastq with NanoFilt
2025-05-24 17:56:44,975 - ERROR - NanoFilt executable not found: [WinError 2] The system cannot find the file specified
2025-05-24 17:56:44,975 - INFO - Filtering FBA73546_pass_barcode32_af591219_c9d44752_26.fastq with NanoFilt
2025-05-24 17:56:44,975 - ERROR - NanoFilt executable not found: [WinError 2] The system cannot find the file specified
2025-05-24 17:56:44,975 - INFO - Filtering FBA73546_pass_barcode32_af591219_c9d44752_27.fastq with NanoFilt
2025-05-24 17:56:44,987 - ERROR - NanoFilt executable not found: [WinError 2] The system cannot find the file specified
2025-05-24 17:56:44,987 - INFO - Filtering FBA73546_pass_barcode32_af591219_c9d44752_28.fastq with NanoFilt
2025-05-24 17:56:44,987 - ERROR - NanoFilt executable not found: [WinError 2] The system cannot find the file specified
2025-05-24 17:56:44,987 - INFO - Filtering FBA73546_pass_barcode32_af591219_c9d44752_29.fastq with NanoFilt
2025-05-24 17:56:44,991 - ERROR - NanoFilt executable not found: [WinError 2] The system cannot find the file specified
2025-05-24 17:56:44,991 - INFO - Filtering FBA73546_pass_barcode32_af591219_c9d44752_3.fastq with NanoFilt
2025-05-24 17:56:44,991 - ERROR - NanoFilt executable not found: [WinError 2] The system cannot find the file specified
2025-05-24 17:56:44,991 - INFO - Filtering FBA73546_pass_barcode32_af591219_c9d44752_30.fastq with NanoFilt
2025-05-24 17:56:44,991 - ERROR - NanoFilt executable not found: [WinError 2] The system cannot find the file specified
2025-05-24 17:56:44,991 - INFO - Filtering FBA73546_pass_barcode32_af591219_c9d44752_31.fastq with NanoFilt
2025-05-24 17:56:44,991 - ERROR - NanoFilt executable not found: [WinError 2] The system cannot find the file specified
2025-05-24 17:56:44,991 - INFO - Filtering FBA73546_pass_barcode32_af591219_c9d44752_32.fastq with NanoFilt
2025-05-24 17:56:44,991 - ERROR - NanoFilt executable not found: [WinError 2] The system cannot find the file specified
2025-05-24 17:56:44,991 - INFO - Filtering FBA73546_pass_barcode32_af591219_c9d44752_33.fastq with NanoFilt
2025-05-24 17:56:45,001 - ERROR - NanoFilt executable not found: [WinError 2] The system cannot find the file specified
2025-05-24 17:56:45,001 - INFO - Filtering FBA73546_pass_barcode32_af591219_c9d44752_34.fastq with NanoFilt
2025-05-24 17:56:45,001 - ERROR - NanoFilt executable not found: [WinError 2] The system cannot find the file specified
2025-05-24 17:56:45,001 - INFO - Filtering FBA73546_pass_barcode32_af591219_c9d44752_35.fastq with NanoFilt
2025-05-24 17:56:45,006 - ERROR - NanoFilt executable not found: [WinError 2] The system cannot find the file specified
2025-05-24 17:56:45,006 - INFO - Filtering FBA73546_pass_barcode32_af591219_c9d44752_4.fastq with NanoFilt
2025-05-24 17:56:45,006 - ERROR - NanoFilt executable not found: [WinError 2] The system cannot find the file specified
2025-05-24 17:56:45,006 - INFO - Filtering FBA73546_pass_barcode32_af591219_c9d44752_5.fastq with NanoFilt
2025-05-24 17:56:45,006 - ERROR - NanoFilt executable not found: [WinError 2] The system cannot find the file specified
2025-05-24 17:56:45,006 - INFO - Filtering FBA73546_pass_barcode32_af591219_c9d44752_6.fastq with NanoFilt
2025-05-24 17:56:45,006 - ERROR - NanoFilt executable not found: [WinError 2] The system cannot find the file specified
2025-05-24 17:56:45,006 - INFO - Filtering FBA73546_pass_barcode32_af591219_c9d44752_7.fastq with NanoFilt
2025-05-24 17:56:45,006 - ERROR - NanoFilt executable not found: [WinError 2] The system cannot find the file specified
2025-05-24 17:56:45,006 - INFO - Filtering FBA73546_pass_barcode32_af591219_c9d44752_8.fastq with NanoFilt
2025-05-24 17:56:45,006 - ERROR - NanoFilt executable not found: [WinError 2] The system cannot find the file specified
2025-05-24 17:56:45,006 - INFO - Filtering FBA73546_pass_barcode32_af591219_c9d44752_9.fastq with NanoFilt
2025-05-24 17:56:45,006 - ERROR - NanoFilt executable not found: [WinError 2] The system cannot find the file specified
2025-05-24 17:56:45,006 - INFO - Processing folder: barcode49
2025-05-24 17:56:45,006 - INFO - Filtering FBA73546_pass_barcode49_af591219_c9d44752_0.fastq with NanoFilt
2025-05-24 17:56:45,006 - ERROR - NanoFilt executable not found: [WinError 2] The system cannot find the file specified
2025-05-24 17:56:45,006 - INFO - Filtering FBA73546_pass_barcode49_af591219_c9d44752_1.fastq with NanoFilt
2025-05-24 17:56:45,023 - ERROR - NanoFilt executable not found: [WinError 2] The system cannot find the file specified
2025-05-24 17:56:45,023 - INFO - Filtering FBA73546_pass_barcode49_af591219_c9d44752_10.fastq with NanoFilt
2025-05-24 17:56:45,026 - ERROR - NanoFilt executable not found: [WinError 2] The system cannot find the file specified
2025-05-24 17:56:45,026 - INFO - Filtering FBA73546_pass_barcode49_af591219_c9d44752_11.fastq with NanoFilt
2025-05-24 17:56:45,028 - ERROR - NanoFilt executable not found: [WinError 2] The system cannot find the file specified
2025-05-24 17:56:45,028 - INFO - Filtering FBA73546_pass_barcode49_af591219_c9d44752_2.fastq with NanoFilt
2025-05-24 17:56:45,030 - ERROR - NanoFilt executable not found: [WinError 2] The system cannot find the file specified
2025-05-24 17:56:45,030 - INFO - Filtering FBA73546_pass_barcode49_af591219_c9d44752_3.fastq with NanoFilt
2025-05-24 17:56:45,033 - ERROR - NanoFilt executable not found: [WinError 2] The system cannot find the file specified
2025-05-24 17:56:45,033 - INFO - Filtering FBA73546_pass_barcode49_af591219_c9d44752_4.fastq with NanoFilt
2025-05-24 17:56:45,035 - ERROR - NanoFilt executable not found: [WinError 2] The system cannot find the file specified
2025-05-24 17:56:45,035 - INFO - Filtering FBA73546_pass_barcode49_af591219_c9d44752_5.fastq with NanoFilt
2025-05-24 17:56:45,037 - ERROR - NanoFilt executable not found: [WinError 2] The system cannot find the file specified
2025-05-24 17:56:45,037 - INFO - Filtering FBA73546_pass_barcode49_af591219_c9d44752_6.fastq with NanoFilt
2025-05-24 17:56:45,038 - ERROR - NanoFilt executable not found: [WinError 2] The system cannot find the file specified
2025-05-24 17:56:45,038 - INFO - Filtering FBA73546_pass_barcode49_af591219_c9d44752_7.fastq with NanoFilt
2025-05-24 17:56:45,038 - ERROR - NanoFilt executable not found: [WinError 2] The system cannot find the file specified
2025-05-24 17:56:45,038 - INFO - Filtering FBA73546_pass_barcode49_af591219_c9d44752_8.fastq with NanoFilt
2025-05-24 17:56:45,038 - ERROR - NanoFilt executable not found: [WinError 2] The system cannot find the file specified
2025-05-24 17:56:45,038 - INFO - Filtering FBA73546_pass_barcode49_af591219_c9d44752_9.fastq with NanoFilt
2025-05-24 17:56:45,047 - ERROR - NanoFilt executable not found: [WinError 2] The system cannot find the file specified
2025-05-24 17:56:45,047 - INFO - Processing folder: barcode50
2025-05-24 17:56:45,047 - INFO - Filtering FBA73546_pass_barcode50_af591219_c9d44752_0.fastq with NanoFilt
2025-05-24 17:56:45,047 - ERROR - NanoFilt executable not found: [WinError 2] The system cannot find the file specified
2025-05-24 17:56:45,047 - INFO - Filtering FBA73546_pass_barcode50_af591219_c9d44752_1.fastq with NanoFilt
2025-05-24 17:56:45,047 - ERROR - NanoFilt executable not found: [WinError 2] The system cannot find the file specified
2025-05-24 17:56:45,047 - INFO - Filtering FBA73546_pass_barcode50_af591219_c9d44752_10.fastq with NanoFilt
2025-05-24 17:56:45,055 - ERROR - NanoFilt executable not found: [WinError 2] The system cannot find the file specified
2025-05-24 17:56:45,055 - INFO - Filtering FBA73546_pass_barcode50_af591219_c9d44752_11.fastq with NanoFilt
2025-05-24 17:56:45,055 - ERROR - NanoFilt executable not found: [WinError 2] The system cannot find the file specified
2025-05-24 17:56:45,055 - INFO - Filtering FBA73546_pass_barcode50_af591219_c9d44752_12.fastq with NanoFilt
2025-05-24 17:56:45,055 - ERROR - NanoFilt executable not found: [WinError 2] The system cannot find the file specified
2025-05-24 17:56:45,055 - INFO - Filtering FBA73546_pass_barcode50_af591219_c9d44752_13.fastq with NanoFilt
2025-05-24 17:56:45,055 - ERROR - NanoFilt executable not found: [WinError 2] The system cannot find the file specified
2025-05-24 17:56:45,055 - INFO - Filtering FBA73546_pass_barcode50_af591219_c9d44752_14.fastq with NanoFilt
2025-05-24 17:56:45,055 - ERROR - NanoFilt executable not found: [WinError 2] The system cannot find the file specified
2025-05-24 17:56:45,055 - INFO - Filtering FBA73546_pass_barcode50_af591219_c9d44752_15.fastq with NanoFilt
2025-05-24 17:56:45,065 - ERROR - NanoFilt executable not found: [WinError 2] The system cannot find the file specified
2025-05-24 17:56:45,065 - INFO - Filtering FBA73546_pass_barcode50_af591219_c9d44752_16.fastq with NanoFilt
2025-05-24 17:56:45,065 - ERROR - NanoFilt executable not found: [WinError 2] The system cannot find the file specified
2025-05-24 17:56:45,065 - INFO - Filtering FBA73546_pass_barcode50_af591219_c9d44752_17.fastq with NanoFilt
2025-05-24 17:56:45,065 - ERROR - NanoFilt executable not found: [WinError 2] The system cannot find the file specified
2025-05-24 17:56:45,065 - INFO - Filtering FBA73546_pass_barcode50_af591219_c9d44752_2.fastq with NanoFilt
2025-05-24 17:56:45,070 - ERROR - NanoFilt executable not found: [WinError 2] The system cannot find the file specified
2025-05-24 17:56:45,070 - INFO - Filtering FBA73546_pass_barcode50_af591219_c9d44752_3.fastq with NanoFilt
2025-05-24 17:56:45,070 - ERROR - NanoFilt executable not found: [WinError 2] The system cannot find the file specified
2025-05-24 17:56:45,070 - INFO - Filtering FBA73546_pass_barcode50_af591219_c9d44752_4.fastq with NanoFilt
2025-05-24 17:56:45,070 - ERROR - NanoFilt executable not found: [WinError 2] The system cannot find the file specified
2025-05-24 17:56:45,070 - INFO - Filtering FBA73546_pass_barcode50_af591219_c9d44752_5.fastq with NanoFilt
2025-05-24 17:56:45,070 - ERROR - NanoFilt executable not found: [WinError 2] The system cannot find the file specified
2025-05-24 17:56:45,070 - INFO - Filtering FBA73546_pass_barcode50_af591219_c9d44752_6.fastq with NanoFilt
2025-05-24 17:56:45,070 - ERROR - NanoFilt executable not found: [WinError 2] The system cannot find the file specified
2025-05-24 17:56:45,070 - INFO - Filtering FBA73546_pass_barcode50_af591219_c9d44752_7.fastq with NanoFilt
2025-05-24 17:56:45,070 - ERROR - NanoFilt executable not found: [WinError 2] The system cannot find the file specified
2025-05-24 17:56:45,070 - INFO - Filtering FBA73546_pass_barcode50_af591219_c9d44752_8.fastq with NanoFilt
2025-05-24 17:56:45,070 - ERROR - NanoFilt executable not found: [WinError 2] The system cannot find the file specified
2025-05-24 17:56:45,070 - INFO - Filtering FBA73546_pass_barcode50_af591219_c9d44752_9.fastq with NanoFilt
2025-05-24 17:56:45,085 - ERROR - NanoFilt executable not found: [WinError 2] The system cannot find the file specified
2025-05-24 17:56:45,085 - INFO - Processing folder: barcode51
2025-05-24 17:56:45,085 - INFO - Filtering FBA73546_pass_barcode51_af591219_c9d44752_0.fastq with NanoFilt
2025-05-24 17:56:45,085 - ERROR - NanoFilt executable not found: [WinError 2] The system cannot find the file specified
2025-05-24 17:56:45,085 - INFO - Filtering FBA73546_pass_barcode51_af591219_c9d44752_1.fastq with NanoFilt
2025-05-24 17:56:45,085 - ERROR - NanoFilt executable not found: [WinError 2] The system cannot find the file specified
2025-05-24 17:56:45,085 - INFO - Filtering FBA73546_pass_barcode51_af591219_c9d44752_2.fastq with NanoFilt
2025-05-24 17:56:45,085 - ERROR - NanoFilt executable not found: [WinError 2] The system cannot find the file specified
2025-05-24 17:56:45,085 - INFO - Filtering FBA73546_pass_barcode51_af591219_c9d44752_3.fastq with NanoFilt
2025-05-24 17:56:45,085 - ERROR - NanoFilt executable not found: [WinError 2] The system cannot find the file specified
2025-05-24 17:56:45,085 - INFO - Filtering FBA73546_pass_barcode51_af591219_c9d44752_4.fastq with NanoFilt
2025-05-24 17:56:45,085 - ERROR - NanoFilt executable not found: [WinError 2] The system cannot find the file specified
2025-05-24 17:56:45,085 - INFO - Filtering FBA73546_pass_barcode51_af591219_c9d44752_5.fastq with NanoFilt
2025-05-24 17:56:45,085 - ERROR - NanoFilt executable not found: [WinError 2] The system cannot find the file specified
2025-05-24 17:56:45,085 - INFO - Filtering FBA73546_pass_barcode51_af591219_c9d44752_6.fastq with NanoFilt
2025-05-24 17:56:45,102 - ERROR - NanoFilt executable not found: [WinError 2] The system cannot find the file specified
2025-05-24 17:56:45,102 - INFO - Filtering FBA73546_pass_barcode51_af591219_c9d44752_7.fastq with NanoFilt
2025-05-24 17:56:45,102 - ERROR - NanoFilt executable not found: [WinError 2] The system cannot find the file specified
2025-05-24 17:56:45,102 - INFO - Filtering FBA73546_pass_barcode51_af591219_c9d44752_8.fastq with NanoFilt
2025-05-24 17:56:45,102 - ERROR - NanoFilt executable not found: [WinError 2] The system cannot find the file specified
2025-05-24 17:56:45,102 - INFO - Filtering FBA73546_pass_barcode51_af591219_c9d44752_9.fastq with NanoFilt
2025-05-24 17:56:45,102 - ERROR - NanoFilt executable not found: [WinError 2] The system cannot find the file specified
2025-05-24 17:56:45,102 - INFO - Processing folder: barcode52
2025-05-24 17:56:45,102 - INFO - Filtering FBA73546_pass_barcode52_af591219_c9d44752_0.fastq with NanoFilt
2025-05-24 17:56:45,102 - ERROR - NanoFilt executable not found: [WinError 2] The system cannot find the file specified
2025-05-24 17:56:45,102 - INFO - Filtering FBA73546_pass_barcode52_af591219_c9d44752_1.fastq with NanoFilt
2025-05-24 17:56:45,112 - ERROR - NanoFilt executable not found: [WinError 2] The system cannot find the file specified
2025-05-24 17:56:45,112 - INFO - Filtering FBA73546_pass_barcode52_af591219_c9d44752_2.fastq with NanoFilt
2025-05-24 17:56:45,112 - ERROR - NanoFilt executable not found: [WinError 2] The system cannot find the file specified
2025-05-24 17:56:45,112 - INFO - Filtering FBA73546_pass_barcode52_af591219_c9d44752_3.fastq with NanoFilt
2025-05-24 17:56:45,112 - ERROR - NanoFilt executable not found: [WinError 2] The system cannot find the file specified
2025-05-24 17:56:45,112 - INFO - Filtering FBA73546_pass_barcode52_af591219_c9d44752_4.fastq with NanoFilt
2025-05-24 17:56:45,117 - ERROR - NanoFilt executable not found: [WinError 2] The system cannot find the file specified
2025-05-24 17:56:45,117 - INFO - Filtering FBA73546_pass_barcode52_af591219_c9d44752_5.fastq with NanoFilt
2025-05-24 17:56:45,117 - ERROR - NanoFilt executable not found: [WinError 2] The system cannot find the file specified
2025-05-24 17:56:45,117 - INFO - Filtering FBA73546_pass_barcode52_af591219_c9d44752_6.fastq with NanoFilt
2025-05-24 17:56:45,117 - ERROR - NanoFilt executable not found: [WinError 2] The system cannot find the file specified
2025-05-24 17:56:45,117 - INFO - Filtering FBA73546_pass_barcode52_af591219_c9d44752_7.fastq with NanoFilt
2025-05-24 17:56:45,117 - ERROR - NanoFilt executable not found: [WinError 2] The system cannot find the file specified
2025-05-24 17:56:45,117 - INFO - Filtering FBA73546_pass_barcode52_af591219_c9d44752_8.fastq with NanoFilt
2025-05-24 17:56:45,117 - ERROR - NanoFilt executable not found: [WinError 2] The system cannot find the file specified
2025-05-24 17:56:45,117 - INFO - Processing folder: barcode54
2025-05-24 17:56:45,117 - INFO - Filtering FBA73546_pass_barcode54_af591219_c9d44752_0.fastq with NanoFilt
2025-05-24 17:56:45,117 - ERROR - NanoFilt executable not found: [WinError 2] The system cannot find the file specified
2025-05-24 17:56:45,117 - INFO - Filtering FBA73546_pass_barcode54_af591219_c9d44752_1.fastq with NanoFilt
2025-05-24 17:56:45,117 - ERROR - NanoFilt executable not found: [WinError 2] The system cannot find the file specified
2025-05-24 17:56:45,117 - INFO - Processing folder: barcode55
2025-05-24 17:56:45,117 - INFO - Filtering FBA73546_pass_barcode55_af591219_c9d44752_0.fastq with NanoFilt
2025-05-24 17:56:45,133 - ERROR - NanoFilt executable not found: [WinError 2] The system cannot find the file specified
2025-05-24 17:56:45,133 - INFO - Filtering FBA73546_pass_barcode55_af591219_c9d44752_1.fastq with NanoFilt
2025-05-24 17:56:45,133 - ERROR - NanoFilt executable not found: [WinError 2] The system cannot find the file specified
2025-05-24 17:56:45,133 - INFO - Filtering FBA73546_pass_barcode55_af591219_c9d44752_2.fastq with NanoFilt
2025-05-24 17:56:45,133 - ERROR - NanoFilt executable not found: [WinError 2] The system cannot find the file specified
2025-05-24 17:56:45,133 - INFO - Filtering FBA73546_pass_barcode55_af591219_c9d44752_3.fastq with NanoFilt
2025-05-24 17:56:45,133 - ERROR - NanoFilt executable not found: [WinError 2] The system cannot find the file specified
2025-05-24 17:56:45,133 - INFO - Filtering FBA73546_pass_barcode55_af591219_c9d44752_4.fastq with NanoFilt
2025-05-24 17:56:45,133 - ERROR - NanoFilt executable not found: [WinError 2] The system cannot find the file specified
2025-05-24 17:56:45,133 - INFO - Filtering FBA73546_pass_barcode55_af591219_c9d44752_5.fastq with NanoFilt
2025-05-24 17:56:45,133 - ERROR - NanoFilt executable not found: [WinError 2] The system cannot find the file specified
2025-05-24 17:56:45,133 - INFO - Filtering FBA73546_pass_barcode55_af591219_c9d44752_6.fastq with NanoFilt
2025-05-24 17:56:45,133 - ERROR - NanoFilt executable not found: [WinError 2] The system cannot find the file specified
2025-05-24 17:56:45,133 - INFO - Processing folder: barcode56
2025-05-24 17:56:45,133 - INFO - Filtering FBA73546_pass_barcode56_af591219_c9d44752_0.fastq with NanoFilt
2025-05-24 17:56:45,133 - ERROR - NanoFilt executable not found: [WinError 2] The system cannot find the file specified
2025-05-24 17:56:45,133 - INFO - Filtering FBA73546_pass_barcode56_af591219_c9d44752_1.fastq with NanoFilt
2025-05-24 17:56:45,150 - ERROR - NanoFilt executable not found: [WinError 2] The system cannot find the file specified
2025-05-24 17:56:45,150 - INFO - Filtering FBA73546_pass_barcode56_af591219_c9d44752_2.fastq with NanoFilt
2025-05-24 17:56:45,150 - ERROR - NanoFilt executable not found: [WinError 2] The system cannot find the file specified
2025-05-24 17:56:45,150 - INFO - Processing folder: barcode57
2025-05-24 17:56:45,150 - INFO - Filtering FBA73546_pass_barcode57_af591219_c9d44752_0.fastq with NanoFilt
2025-05-24 17:56:45,150 - ERROR - NanoFilt executable not found: [WinError 2] The system cannot find the file specified
2025-05-24 17:56:45,150 - INFO - Filtering FBA73546_pass_barcode57_af591219_c9d44752_1.fastq with NanoFilt
2025-05-24 17:56:45,150 - ERROR - NanoFilt executable not found: [WinError 2] The system cannot find the file specified
2025-05-24 17:56:45,150 - INFO - Processing folder: barcode58
2025-05-24 17:56:45,150 - INFO - Filtering FBA73546_pass_barcode58_af591219_c9d44752_0.fastq with NanoFilt
2025-05-24 17:56:45,160 - ERROR - NanoFilt executable not found: [WinError 2] The system cannot find the file specified
2025-05-24 17:56:45,160 - INFO - Filtering FBA73546_pass_barcode58_af591219_c9d44752_1.fastq with NanoFilt
2025-05-24 17:56:45,160 - ERROR - NanoFilt executable not found: [WinError 2] The system cannot find the file specified
2025-05-24 17:56:45,160 - INFO - Filtering FBA73546_pass_barcode58_af591219_c9d44752_2.fastq with NanoFilt
2025-05-24 17:56:45,160 - ERROR - NanoFilt executable not found: [WinError 2] The system cannot find the file specified
2025-05-24 17:56:45,160 - INFO - Processing folder: barcode60
2025-05-24 17:56:45,160 - INFO - Filtering FBA73546_pass_barcode60_af591219_c9d44752_0.fastq with NanoFilt
2025-05-24 17:56:45,166 - ERROR - NanoFilt executable not found: [WinError 2] The system cannot find the file specified
2025-05-24 17:56:45,166 - INFO - Filtering FBA73546_pass_barcode60_af591219_c9d44752_1.fastq with NanoFilt
2025-05-24 17:56:45,166 - ERROR - NanoFilt executable not found: [WinError 2] The system cannot find the file specified
2025-05-24 17:56:45,166 - INFO - Filtering FBA73546_pass_barcode60_af591219_c9d44752_2.fastq with NanoFilt
2025-05-24 17:56:45,166 - ERROR - NanoFilt executable not found: [WinError 2] The system cannot find the file specified
2025-05-24 17:56:45,166 - INFO - Filtering FBA73546_pass_barcode60_af591219_c9d44752_3.fastq with NanoFilt
2025-05-24 17:56:45,166 - ERROR - NanoFilt executable not found: [WinError 2] The system cannot find the file specified
2025-05-24 17:56:45,166 - INFO - Processing folder: barcode61
2025-05-24 17:56:45,166 - INFO - Filtering FBA73546_pass_barcode61_af591219_c9d44752_0.fastq with NanoFilt
2025-05-24 17:56:45,166 - ERROR - NanoFilt executable not found: [WinError 2] The system cannot find the file specified
2025-05-24 17:56:45,166 - INFO - Filtering FBA73546_pass_barcode61_af591219_c9d44752_1.fastq with NanoFilt
2025-05-24 17:56:45,166 - ERROR - NanoFilt executable not found: [WinError 2] The system cannot find the file specified
2025-05-24 17:56:45,166 - INFO - Filtering FBA73546_pass_barcode61_af591219_c9d44752_2.fastq with NanoFilt
2025-05-24 17:56:45,166 - ERROR - NanoFilt executable not found: [WinError 2] The system cannot find the file specified
2025-05-24 17:56:45,166 - INFO - Filtering FBA73546_pass_barcode61_af591219_c9d44752_3.fastq with NanoFilt
2025-05-24 17:56:45,181 - ERROR - NanoFilt executable not found: [WinError 2] The system cannot find the file specified
2025-05-24 17:56:45,181 - INFO - Filtering FBA73546_pass_barcode61_af591219_c9d44752_4.fastq with NanoFilt
2025-05-24 17:56:45,181 - ERROR - NanoFilt executable not found: [WinError 2] The system cannot find the file specified
2025-05-24 17:56:45,181 - INFO - Filtering FBA73546_pass_barcode61_af591219_c9d44752_5.fastq with NanoFilt
2025-05-24 17:56:45,181 - ERROR - NanoFilt executable not found: [WinError 2] The system cannot find the file specified
2025-05-24 17:56:45,181 - INFO - Filtering FBA73546_pass_barcode61_af591219_c9d44752_6.fastq with NanoFilt
2025-05-24 17:56:45,181 - ERROR - NanoFilt executable not found: [WinError 2] The system cannot find the file specified
2025-05-24 17:56:45,181 - INFO - Filtering FBA73546_pass_barcode61_af591219_c9d44752_7.fastq with NanoFilt
2025-05-24 17:56:45,181 - ERROR - NanoFilt executable not found: [WinError 2] The system cannot find the file specified
2025-05-24 17:56:45,181 - INFO - Filtering FBA73546_pass_barcode61_af591219_c9d44752_8.fastq with NanoFilt
2025-05-24 17:56:45,181 - ERROR - NanoFilt executable not found: [WinError 2] The system cannot find the file specified
2025-05-24 17:56:45,181 - INFO - Processing folder: barcode62
2025-05-24 17:56:45,181 - INFO - Filtering FBA73546_pass_barcode62_af591219_c9d44752_0.fastq with NanoFilt
2025-05-24 17:56:45,181 - ERROR - NanoFilt executable not found: [WinError 2] The system cannot find the file specified
2025-05-24 17:56:45,181 - INFO - Filtering FBA73546_pass_barcode62_af591219_c9d44752_1.fastq with NanoFilt
2025-05-24 17:56:45,197 - ERROR - NanoFilt executable not found: [WinError 2] The system cannot find the file specified
2025-05-24 17:56:45,197 - INFO - Filtering FBA73546_pass_barcode62_af591219_c9d44752_2.fastq with NanoFilt
2025-05-24 17:56:45,197 - ERROR - NanoFilt executable not found: [WinError 2] The system cannot find the file specified
2025-05-24 17:56:45,197 - INFO - Filtering FBA73546_pass_barcode62_af591219_c9d44752_3.fastq with NanoFilt
2025-05-24 17:56:45,197 - ERROR - NanoFilt executable not found: [WinError 2] The system cannot find the file specified
2025-05-24 17:56:45,197 - INFO - Filtering FBA73546_pass_barcode62_af591219_c9d44752_4.fastq with NanoFilt
2025-05-24 17:56:45,197 - ERROR - NanoFilt executable not found: [WinError 2] The system cannot find the file specified
2025-05-24 17:56:45,197 - INFO - Filtering FBA73546_pass_barcode62_af591219_c9d44752_5.fastq with NanoFilt
2025-05-24 17:56:45,197 - ERROR - NanoFilt executable not found: [WinError 2] The system cannot find the file specified
2025-05-24 17:56:45,197 - INFO - Filtering FBA73546_pass_barcode62_af591219_c9d44752_6.fastq with NanoFilt
2025-05-24 17:56:45,208 - ERROR - NanoFilt executable not found: [WinError 2] The system cannot find the file specified
2025-05-24 17:56:45,208 - INFO - Filtering FBA73546_pass_barcode62_af591219_c9d44752_7.fastq with NanoFilt
2025-05-24 17:56:45,208 - ERROR - NanoFilt executable not found: [WinError 2] The system cannot find the file specified
2025-05-24 17:56:45,208 - INFO - Filtering FBA73546_pass_barcode62_af591219_c9d44752_8.fastq with NanoFilt
2025-05-24 17:56:45,213 - ERROR - NanoFilt executable not found: [WinError 2] The system cannot find the file specified
2025-05-24 17:56:45,213 - INFO - Filtering FBA73546_pass_barcode62_af591219_c9d44752_9.fastq with NanoFilt
2025-05-24 17:56:45,213 - ERROR - NanoFilt executable not found: [WinError 2] The system cannot find the file specified
2025-05-24 17:56:45,213 - INFO - Processing folder: barcode63
2025-05-24 17:56:45,213 - INFO - Filtering FBA73546_pass_barcode63_af591219_c9d44752_0_.fastq with NanoFilt
2025-05-24 17:56:45,213 - ERROR - NanoFilt executable not found: [WinError 2] The system cannot find the file specified
2025-05-24 17:56:45,213 - INFO - Filtering FBA73546_pass_barcode63_af591219_c9d44752_1_.fastq with NanoFilt
2025-05-24 17:56:45,213 - ERROR - NanoFilt executable not found: [WinError 2] The system cannot find the file specified
2025-05-24 17:56:45,213 - INFO - Filtering FBA73546_pass_barcode63_af591219_c9d44752_2_.fastq with NanoFilt
2025-05-24 17:56:45,213 - ERROR - NanoFilt executable not found: [WinError 2] The system cannot find the file specified
2025-05-24 17:56:45,213 - INFO - Filtering FBA73546_pass_barcode63_af591219_c9d44752_3_.fastq with NanoFilt
2025-05-24 17:56:45,213 - ERROR - NanoFilt executable not found: [WinError 2] The system cannot find the file specified
2025-05-24 17:56:45,213 - INFO - Completed NanoFilt batch processing
